2025-07-20 17:00:03:03 [31merror[39m: [31mEmail sending failed: Invalid login: 535 Authentication failed[39m
2025-07-20 17:00:04:04 [31merror[39m: [31mEmail sending failed: Invalid login: 535 Authentication failed[39m
2025-07-20 17:20:53:2053 [31merror[39m: [31mEmail sending failed: Invalid login: 535 Authentication failed[39m
2025-07-20 17:37:00:370 [31merror[39m: [31mEmail sending failed: Invalid login: 535 Authentication failed[39m
2025-07-20 17:38:20:3820 [31merror[39m: [31mEmail sending failed: Invalid login: 535 Authentication failed[39m
2025-07-20 17:38:53:3853 [31merror[39m: [31mEmail sending failed: Invalid login: 535 Authentication failed[39m
2025-07-20 17:46:41:4641 [31merror[39m: [31mEmail sending failed: Invalid login: 535-5.7.8 Username and Password not accepted. For more information, go to[39m
[31m535 5.7.8  https://support.google.com/mail/?p=BadCredentials d9443c01a7336-23e3b611ff5sm41301825ad.75 - gsmtp[39m
2025-07-20 17:46:41:4641 [31merror[39m: [31mSMTP Authentication failed. Please check your email credentials in .env file[39m
2025-07-20 17:46:41:4641 [31merror[39m: [31mFor Gmail: Ensure 2FA is enabled and you're using an App Password[39m
2025-07-20 17:49:31:4931 [31merror[39m: [31mEmail sending failed: Invalid login: 535-5.7.8 Username and Password not accepted. For more information, go to[39m
[31m535 5.7.8  https://support.google.com/mail/?p=BadCredentials d2e1a72fcca58-759c84e244fsm4136182b3a.20 - gsmtp[39m
2025-07-20 17:49:31:4931 [31merror[39m: [31mSMTP Authentication failed. Please check your email credentials in .env file[39m
2025-07-20 17:49:31:4931 [31merror[39m: [31mFor Gmail: Ensure 2FA is enabled and you're using an App Password[39m
2025-07-20 17:52:04:524 [31merror[39m: [31mEmail sending failed: Invalid login: 535-5.7.8 Username and Password not accepted. For more information, go to[39m
[31m535 5.7.8  https://support.google.com/mail/?p=BadCredentials d2e1a72fcca58-759c84e2506sm4136013b3a.26 - gsmtp[39m
2025-07-20 17:52:04:524 [31merror[39m: [31mSMTP Authentication failed. Please check your email credentials in .env file[39m
2025-07-20 17:52:04:524 [31merror[39m: [31mFor Gmail: Ensure 2FA is enabled and you're using an App Password[39m
2025-07-20 18:28:55:2855 [31merror[39m: [31mEmail sending failed: Invalid login: 535-5.7.8 Username and Password not accepted. For more information, go to[39m
[31m535 5.7.8  https://support.google.com/mail/?p=BadCredentials d9443c01a7336-23e3b612373sm41709925ad.72 - gsmtp[39m
2025-07-20 18:28:55:2855 [31merror[39m: [31mSMTP Authentication failed. Please check your email credentials in .env file[39m
2025-07-20 18:28:55:2855 [31merror[39m: [31mFor Gmail: Ensure 2FA is enabled and you're using an App Password[39m
2025-07-20 18:48:22:4822 [31merror[39m: [31mEmail sending failed: Invalid login: 535-5.7.8 Username and Password not accepted. For more information, go to[39m
[31m535 5.7.8  https://support.google.com/mail/?p=BadCredentials 41be03b00d2f7-b3f2fe66216sm3799355a12.10 - gsmtp[39m
2025-07-20 18:48:22:4822 [31merror[39m: [31mSMTP Authentication failed. Please check your email credentials in .env file[39m
2025-07-20 18:48:22:4822 [31merror[39m: [31mFor Gmail: Ensure 2FA is enabled and you're using an App Password[39m
2025-07-20 18:50:39:5039 [31merror[39m: [31mEmail sending failed: Invalid login: 535-5.7.8 Username and Password not accepted. For more information, go to[39m
[31m535 5.7.8  https://support.google.com/mail/?p=BadCredentials 98e67ed59e1d1-31cc3f2c708sm4468530a91.30 - gsmtp[39m
2025-07-20 18:50:39:5039 [31merror[39m: [31mSMTP Authentication failed. Please check your email credentials in .env file[39m
2025-07-20 18:50:39:5039 [31merror[39m: [31mFor Gmail: Ensure 2FA is enabled and you're using an App Password[39m
2025-07-21 00:34:39:3439 [32minfo[39m: [32mEmail sent successfully to pavan@yopmail.com[39m
2025-07-21 00:34:39:3439 [32minfo[39m: [32mPreview URL: false[39m
2025-07-21 23:13:17:1317 [32minfo[39m: [32mEmail sent successfully to rakesh@yopmail.com[39m
2025-07-21 23:13:17:1317 [32minfo[39m: [32mPreview URL: false[39m
2025-07-21 23:15:22:1522 [32minfo[39m: [32mEmail sent successfully to praveen@yopmail.com[39m
2025-07-21 23:15:22:1522 [32minfo[39m: [32mPreview URL: false[39m
2025-07-21 23:24:09:249 [32minfo[39m: [32mEmail sent successfully to praveen@yopmail.com[39m
2025-07-21 23:24:09:249 [32minfo[39m: [32mPreview URL: false[39m
2025-07-22 00:57:02:572 [32minfo[39m: [32mEmail sent successfully to pavan@yopmail.com[39m
2025-07-22 00:57:02:572 [32minfo[39m: [32mPreview URL: false[39m
2025-07-22 00:57:11:5711 [32minfo[39m: [32mEmail sent successfully to rakesh12@yopmail.com[39m
2025-07-22 00:57:11:5711 [32minfo[39m: [32mPreview URL: false[39m
2025-07-22 00:57:24:5724 [32minfo[39m: [32mEmail sent successfully to rakesh123@yopmail.com[39m
2025-07-22 00:57:24:5724 [32minfo[39m: [32mPreview URL: false[39m
2025-07-22 00:57:51:5751 [32minfo[39m: [32mEmail sent successfully to pavan@yopmail.com[39m
2025-07-22 00:57:51:5751 [32minfo[39m: [32mPreview URL: false[39m
2025-07-22 00:58:43:5843 [32minfo[39m: [32mEmail sent successfully to karthik@yopmail.com[39m
2025-07-22 00:58:43:5843 [32minfo[39m: [32mPreview URL: false[39m
2025-07-22 01:03:07:37 [32minfo[39m: [32mEmail sent successfully to karthik@yopmail.com[39m
2025-07-22 01:03:07:37 [32minfo[39m: [32mPreview URL: false[39m
2025-07-22 01:03:23:323 [32minfo[39m: [32mEmail sent successfully to pavan@yopmail.com[39m
2025-07-22 01:03:23:323 [32minfo[39m: [32mPreview URL: false[39m
2025-07-22 01:03:57:357 [32minfo[39m: [32mEmail sent successfully to pavan@yopmail.com[39m
2025-07-22 01:03:57:357 [32minfo[39m: [32mPreview URL: false[39m
2025-07-22 01:09:58:958 [32minfo[39m: [32mEmail sent successfully to pavan@yopmail.com[39m
2025-07-22 01:09:58:958 [32minfo[39m: [32mPreview URL: false[39m
2025-07-22 01:10:21:1021 [32minfo[39m: [32mEmail sent successfully to pavan@yopmail.com[39m
2025-07-22 01:10:21:1021 [32minfo[39m: [32mPreview URL: false[39m
2025-07-22 01:11:48:1148 [32minfo[39m: [32mEmail sent successfully to pavan@yopmail.com[39m
2025-07-22 01:11:48:1148 [32minfo[39m: [32mPreview URL: false[39m
2025-07-22 01:14:57:1457 [32minfo[39m: [32mEmail sent successfully to pavan@yopmail.com[39m
2025-07-22 01:14:57:1457 [32minfo[39m: [32mPreview URL: false[39m
2025-07-22 01:15:54:1554 [32minfo[39m: [32mEmail sent successfully to khaju@yopmail.com[39m
2025-07-22 01:15:54:1554 [32minfo[39m: [32mPreview URL: false[39m
2025-07-22 22:22:52:2252 [32minfo[39m: [32mEmail sent successfully to pavan@yopmail.com[39m
2025-07-22 22:22:52:2252 [32minfo[39m: [32mPreview URL: false[39m
2025-07-22 22:25:29:2529 [32minfo[39m: [32mEmail sent successfully to khaju@yopmail.com[39m
2025-07-22 22:25:29:2529 [32minfo[39m: [32mPreview URL: false[39m
2025-07-22 22:26:01:261 [32minfo[39m: [32mEmail sent successfully to karthik@yopmail.com[39m
2025-07-22 22:26:01:261 [32minfo[39m: [32mPreview URL: false[39m
2025-07-22 23:58:09:589 [32minfo[39m: [32mEmail sent successfully to rakesh@yopmail.com[39m
2025-07-22 23:58:09:589 [32minfo[39m: [32mPreview URL: false[39m
2025-07-23 01:18:15:1815 [32minfo[39m: [32mEmail sent successfully to prasad@yopmail.com[39m
2025-07-23 01:18:15:1815 [32minfo[39m: [32mPreview URL: false[39m
2025-07-24 01:07:56:756 [32minfo[39m: [32mEmail sent successfully to kaju@yopmail.com[39m
2025-07-24 01:07:56:756 [32minfo[39m: [32mPreview URL: false[39m
2025-07-24 02:19:11:1911 [32minfo[39m: [32mEmployee 687a1d6cd896fb3d307eafeb fetched 0 requests[39m
2025-07-24 02:19:11:1911 [32minfo[39m: [32mEmployee 687a1d6cd896fb3d307eafeb fetched 0 requests[39m
2025-07-24 02:31:41:3141 [32minfo[39m: [32mEmployee 687a1d6cd896fb3d307eafeb fetched 0 requests[39m
2025-07-24 02:31:41:3141 [32minfo[39m: [32mEmployee 687a1d6cd896fb3d307eafeb fetched 0 requests[39m
2025-07-24 02:42:29:4229 [32minfo[39m: [32mAdmin fetched 0 requests[39m
2025-07-24 02:42:29:4229 [32minfo[39m: [32mAdmin fetched 0 requests[39m
2025-07-24 02:43:06:436 [32minfo[39m: [32mEmployee 687a1d6cd896fb3d307eafeb fetched 0 requests[39m
2025-07-24 02:43:06:436 [32minfo[39m: [32mEmployee 687a1d6cd896fb3d307eafeb fetched 0 requests[39m
2025-07-24 02:46:14:4614 [32minfo[39m: [32mEmployee 687a1d6cd896fb3d307eafeb fetched 0 requests[39m
2025-07-24 02:46:14:4614 [32minfo[39m: [32mEmployee 687a1d6cd896fb3d307eafeb fetched 0 requests[39m
2025-07-24 02:48:52:4852 [32minfo[39m: [32mEmployee 687a1d6cd896fb3d307eafeb fetched 0 requests[39m
2025-07-24 02:48:52:4852 [32minfo[39m: [32mEmployee 687a1d6cd896fb3d307eafeb fetched 0 requests[39m
2025-07-24 02:48:52:4852 [32minfo[39m: [32mEmployee 687a1d6cd896fb3d307eafeb fetched 0 requests[39m
2025-07-24 10:57:34:5734 [32minfo[39m: [32mEmployee 687a1d6cd896fb3d307eafeb fetched 0 requests[39m
2025-07-24 10:57:34:5734 [32minfo[39m: [32mEmployee 687a1d6cd896fb3d307eafeb fetched 0 requests[39m
2025-07-24 10:58:53:5853 [32minfo[39m: [32mEmployee 687a1d6cd896fb3d307eafeb fetched 0 requests[39m
2025-07-24 10:59:31:5931 [32minfo[39m: [32mEmployee 687a1d6cd896fb3d307eafeb fetched 0 requests[39m
2025-07-24 10:59:31:5931 [32minfo[39m: [32mEmployee 687a1d6cd896fb3d307eafeb fetched 0 requests[39m
2025-07-24 10:59:31:5931 [32minfo[39m: [32mEmployee 687a1d6cd896fb3d307eafeb fetched 0 requests[39m
2025-07-24 11:01:40:140 [32minfo[39m: [32mEmployee 687a1d6cd896fb3d307eafeb fetched 0 requests[39m
2025-07-24 11:03:58:358 [32minfo[39m: [32mEmployee 687a1d6cd896fb3d307eafeb fetched 0 requests[39m
2025-07-24 11:03:58:358 [32minfo[39m: [32mEmployee 687a1d6cd896fb3d307eafeb fetched 0 requests[39m
2025-07-24 11:03:58:358 [32minfo[39m: [32mEmployee 687a1d6cd896fb3d307eafeb fetched 0 requests[39m
2025-07-24 11:05:51:551 [32minfo[39m: [32mEmployee 687a1d6cd896fb3d307eafeb fetched 0 requests[39m
2025-07-24 11:05:51:551 [32minfo[39m: [32mEmployee 687a1d6cd896fb3d307eafeb fetched 0 requests[39m
2025-07-24 11:05:51:551 [32minfo[39m: [32mEmployee 687a1d6cd896fb3d307eafeb fetched 0 requests[39m
2025-07-24 11:26:57:2657 [32minfo[39m: [32mAdmin fetched 0 requests[39m
2025-07-24 11:26:57:2657 [32minfo[39m: [32mAdmin fetched 0 requests[39m
2025-07-24 11:28:15:2815 [32minfo[39m: [32mEmployee 687a1d6cd896fb3d307eafeb fetched 0 requests[39m
2025-07-24 11:28:15:2815 [32minfo[39m: [32mEmployee 687a1d6cd896fb3d307eafeb fetched 0 requests[39m
2025-07-24 11:29:24:2924 [32minfo[39m: [32mEmployee 687a1d6cd896fb3d307eafeb fetched 0 requests[39m
2025-07-24 11:29:24:2924 [32minfo[39m: [32mEmployee 687a1d6cd896fb3d307eafeb fetched 0 requests[39m
2025-07-24 11:31:35:3135 [32minfo[39m: [32mEmployee 687a1d6cd896fb3d307eafeb fetched 0 requests[39m
2025-07-24 11:31:48:3148 [32minfo[39m: [32mEmployee 687a1d6cd896fb3d307eafeb fetched 0 requests[39m
2025-07-24 11:32:01:321 [32minfo[39m: [32mEmployee 687a1d6cd896fb3d307eafeb fetched 0 requests[39m
2025-07-24 11:32:15:3215 [32minfo[39m: [32mEmployee 687a1d6cd896fb3d307eafeb fetched 0 requests[39m
2025-07-24 12:05:21:521 [32minfo[39m: [32mEmployee 687a1d6cd896fb3d307eafeb fetched 0 requests[39m
2025-07-24 12:05:21:521 [32minfo[39m: [32mEmployee 687a1d6cd896fb3d307eafeb fetched 0 requests[39m
2025-07-24 12:05:21:521 [32minfo[39m: [32mEmployee 687a1d6cd896fb3d307eafeb fetched 0 requests[39m
2025-07-24 12:12:51:1251 [32minfo[39m: [32mEmployee 687a1d6cd896fb3d307eafeb fetched 0 requests[39m
2025-07-24 12:12:51:1251 [32minfo[39m: [32mEmployee 687a1d6cd896fb3d307eafeb fetched 0 requests[39m
2025-07-24 12:17:03:173 [32minfo[39m: [32mNew od request created by employee 687a1d6cd896fb3d307eafeb[39m
2025-07-24 12:17:04:174 [32minfo[39m: [32mEmployee 687a1d6cd896fb3d307eafeb fetched 1 requests[39m
2025-07-24 12:18:51:1851 [32minfo[39m: [32mEmployee 687a1d6cd896fb3d307eafeb fetched 1 requests[39m
2025-07-24 12:19:03:193 [32minfo[39m: [32mEmployee 687a1d6cd896fb3d307eafeb fetched 1 requests[39m
2025-07-24 12:19:03:193 [32minfo[39m: [32mEmployee 687a1d6cd896fb3d307eafeb fetched 1 requests[39m
2025-07-24 12:19:21:1921 [32minfo[39m: [32mEmployee 687a1d6cd896fb3d307eafeb fetched 1 requests[39m
2025-07-24 12:19:34:1934 [32minfo[39m: [32mEmployee 687a1d6cd896fb3d307eafeb fetched 1 requests[39m
2025-07-24 12:19:54:1954 [32minfo[39m: [32mEmployee 687a1d6cd896fb3d307eafeb fetched 1 requests[39m
2025-07-24 12:28:57:2857 [32minfo[39m: [32mEmployee 687a1d6cd896fb3d307eafeb fetched 1 requests[39m
2025-07-24 12:34:45:3445 [32minfo[39m: [32mEmployee 687a1d6cd896fb3d307eafeb fetched 1 requests[39m
2025-07-24 12:35:01:351 [32minfo[39m: [32mEmployee 687a1d6cd896fb3d307eafeb fetched 1 requests[39m
2025-07-24 12:35:18:3518 [32minfo[39m: [32mEmployee 687a1d6cd896fb3d307eafeb fetched 1 requests[39m
2025-07-24 12:35:18:3518 [32minfo[39m: [32mEmployee 687a1d6cd896fb3d307eafeb fetched 1 requests[39m
2025-07-24 12:37:56:3756 [32minfo[39m: [32mEmployee 687a1d6cd896fb3d307eafeb fetched 1 requests[39m
2025-07-24 12:39:30:3930 [32minfo[39m: [32mEmployee 687a1d6cd896fb3d307eafeb fetched 1 requests[39m
2025-07-24 12:39:30:3930 [32minfo[39m: [32mEmployee 687a1d6cd896fb3d307eafeb fetched 1 requests[39m
2025-07-24 12:40:05:405 [32minfo[39m: [32mAdmin fetched 1 requests[39m
2025-07-24 12:40:05:405 [32minfo[39m: [32mAdmin fetched 1 requests[39m
2025-07-24 12:40:22:4022 [31merror[39m: [31mError updating request status: Request validation failed: endTime: Path `endTime` is required., startTime: Path `startTime` is required.[39m
2025-07-24 12:41:16:4116 [31merror[39m: [31mError updating request status: Request validation failed: endTime: Path `endTime` is required., startTime: Path `startTime` is required.[39m
2025-07-24 12:42:21:4221 [32minfo[39m: [32mEmployee 687a1d6cd896fb3d307eafeb fetched 1 requests[39m
2025-07-24 12:42:21:4221 [32minfo[39m: [32mEmployee 687a1d6cd896fb3d307eafeb fetched 1 requests[39m
2025-07-24 12:42:24:4224 [32minfo[39m: [32mRequest 6881d6e794f5df3f46c62ba6 deleted by 687a1d6cd896fb3d307eafeb[39m
2025-07-24 12:42:24:4224 [32minfo[39m: [32mEmployee 687a1d6cd896fb3d307eafeb fetched 0 requests[39m
2025-07-24 12:45:31:4531 [32minfo[39m: [32mEmployee 687a1d6cd896fb3d307eafeb fetched 0 requests[39m
2025-07-24 12:46:33:4633 [32minfo[39m: [32mEmployee 687a1d6cd896fb3d307eafeb fetched 0 requests[39m
2025-07-24 12:46:33:4633 [32minfo[39m: [32mEmployee 687a1d6cd896fb3d307eafeb fetched 0 requests[39m
2025-07-24 12:46:33:4633 [32minfo[39m: [32mEmployee 687a1d6cd896fb3d307eafeb fetched 0 requests[39m
2025-07-24 12:49:23:4923 [32minfo[39m: [32mEmployee 687a1d6cd896fb3d307eafeb fetched 0 requests[39m
2025-07-24 12:49:39:4939 [32minfo[39m: [32mEmployee 687a1d6cd896fb3d307eafeb fetched 0 requests[39m
2025-07-24 12:49:39:4939 [32minfo[39m: [32mEmployee 687a1d6cd896fb3d307eafeb fetched 0 requests[39m
2025-07-24 12:58:36:5836 [32minfo[39m: [32mEmployee 687a1d6cd896fb3d307eafeb fetched 0 requests[39m
2025-07-24 13:03:03:33 [32minfo[39m: [32mEmployee 687a1d6cd896fb3d307eafeb fetched 0 requests[39m
2025-07-24 13:05:01:51 [32minfo[39m: [32mNew od request created by employee 687a1d6cd896fb3d307eafeb[39m
2025-07-24 13:05:01:51 [32minfo[39m: [32mEmployee 687a1d6cd896fb3d307eafeb fetched 1 requests[39m
2025-07-24 13:06:33:633 [32minfo[39m: [32mEmployee 687a1d6cd896fb3d307eafeb fetched 1 requests[39m
2025-07-24 13:07:09:79 [32minfo[39m: [32mEmployee 687a1d6cd896fb3d307eafeb fetched 1 requests[39m
2025-07-24 13:08:48:848 [32minfo[39m: [32mEmployee 687a1d6cd896fb3d307eafeb fetched 1 requests[39m
2025-07-24 13:16:50:1650 [32minfo[39m: [32mEmployee 687a1d6cd896fb3d307eafeb fetched 1 requests[39m
2025-07-24 13:17:07:177 [32minfo[39m: [32mEmployee 687a1d6cd896fb3d307eafeb fetched 1 requests[39m
2025-07-24 13:17:28:1728 [32minfo[39m: [32mEmployee 687a1d6cd896fb3d307eafeb fetched 1 requests[39m
2025-07-24 13:17:49:1749 [32minfo[39m: [32mEmployee 687a1d6cd896fb3d307eafeb fetched 1 requests[39m
2025-07-24 13:18:10:1810 [32minfo[39m: [32mEmployee 687a1d6cd896fb3d307eafeb fetched 1 requests[39m
2025-07-24 13:18:31:1831 [32minfo[39m: [32mEmployee 687a1d6cd896fb3d307eafeb fetched 1 requests[39m
2025-07-24 13:18:56:1856 [32minfo[39m: [32mEmployee 687a1d6cd896fb3d307eafeb fetched 1 requests[39m
2025-07-24 13:21:22:2122 [32minfo[39m: [32mEmployee 687a1d6cd896fb3d307eafeb fetched 1 requests[39m
2025-07-24 13:24:55:2455 [32minfo[39m: [32mNew leave request created by employee 687a1d6cd896fb3d307eafeb[39m
2025-07-24 13:24:55:2455 [32minfo[39m: [32mEmployee 687a1d6cd896fb3d307eafeb fetched 2 requests[39m
2025-07-24 13:25:29:2529 [32minfo[39m: [32mAdmin fetched 2 requests[39m
2025-07-24 13:25:29:2529 [32minfo[39m: [32mAdmin fetched 2 requests[39m
2025-07-24 13:25:46:2546 [32minfo[39m: [32mRequest 6881e6cfd366a1bd96bbf005 rejected by admin 687a710048d1f38a072520d9[39m
2025-07-24 13:25:46:2546 [32minfo[39m: [32mAdmin fetched 2 requests[39m
2025-07-24 13:25:57:2557 [32minfo[39m: [32mRequest 6881e2257f4e693fc292044c approved by admin 687a710048d1f38a072520d9[39m
2025-07-24 13:25:57:2557 [32minfo[39m: [32mAdmin fetched 2 requests[39m
2025-07-24 13:26:14:2614 [32minfo[39m: [32mEmployee 687a1d6cd896fb3d307eafeb fetched 2 requests[39m
2025-07-24 13:26:14:2614 [32minfo[39m: [32mEmployee 687a1d6cd896fb3d307eafeb fetched 2 requests[39m
2025-07-24 14:02:19:219 [32minfo[39m: [32mEmployee 687a1d6cd896fb3d307eafeb fetched 2 requests[39m
2025-07-24 14:02:20:220 [32minfo[39m: [32mEmployee 687a1d6cd896fb3d307eafeb fetched 2 requests[39m
2025-07-24 14:03:44:344 [32minfo[39m: [32mEmployee 687a1d6cd896fb3d307eafeb fetched 2 requests[39m
2025-07-24 14:04:01:41 [32minfo[39m: [32mEmployee 687a1d6cd896fb3d307eafeb fetched 2 requests[39m
2025-07-24 14:04:48:448 [32minfo[39m: [32mNew leave request created by employee 687a1d6cd896fb3d307eafeb[39m
2025-07-24 14:04:48:448 [32minfo[39m: [32mEmployee 687a1d6cd896fb3d307eafeb fetched 3 requests[39m
2025-07-24 14:06:49:649 [32minfo[39m: [32mEmployee 687a1d6cd896fb3d307eafeb fetched 3 requests[39m
2025-07-24 14:06:49:649 [32minfo[39m: [32mEmployee 687a1d6cd896fb3d307eafeb fetched 3 requests[39m
2025-07-24 14:07:12:712 [32minfo[39m: [32mEmployee 687a1d6cd896fb3d307eafeb fetched 3 requests[39m
2025-07-24 14:07:34:734 [32minfo[39m: [32mEmployee 687a1d6cd896fb3d307eafeb fetched 3 requests[39m
2025-07-24 14:08:00:80 [32minfo[39m: [32mEmployee 687a1d6cd896fb3d307eafeb fetched 3 requests[39m
2025-07-24 14:08:29:829 [32minfo[39m: [32mEmployee 687a1d6cd896fb3d307eafeb fetched 3 requests[39m
2025-07-24 14:08:58:858 [32minfo[39m: [32mEmployee 687a1d6cd896fb3d307eafeb fetched 3 requests[39m
2025-07-24 14:09:14:914 [32minfo[39m: [32mEmployee 687a1d6cd896fb3d307eafeb fetched 3 requests[39m
2025-07-24 14:09:40:940 [32minfo[39m: [32mEmployee 687a1d6cd896fb3d307eafeb fetched 3 requests[39m
2025-07-24 14:10:52:1052 [32minfo[39m: [32mEmployee 687a1d6cd896fb3d307eafeb fetched 3 requests[39m
2025-07-24 14:10:53:1053 [32minfo[39m: [32mEmployee 687a1d6cd896fb3d307eafeb fetched 3 requests[39m
2025-07-24 14:10:54:1054 [32minfo[39m: [32mEmployee 687a1d6cd896fb3d307eafeb fetched 3 requests[39m
2025-07-24 14:10:54:1054 [32minfo[39m: [32mEmployee 687a1d6cd896fb3d307eafeb fetched 3 requests[39m
2025-07-24 14:10:54:1054 [32minfo[39m: [32mEmployee 687a1d6cd896fb3d307eafeb fetched 3 requests[39m
2025-07-24 14:11:10:1110 [32minfo[39m: [32mEmployee 687a1d6cd896fb3d307eafeb fetched 3 requests[39m
2025-07-24 14:11:10:1110 [32minfo[39m: [32mEmployee 687a1d6cd896fb3d307eafeb fetched 3 requests[39m
2025-07-24 14:11:10:1110 [32minfo[39m: [32mEmployee 687a1d6cd896fb3d307eafeb fetched 3 requests[39m
2025-07-24 14:11:12:1112 [32minfo[39m: [32mEmployee 687a1d6cd896fb3d307eafeb fetched 3 requests[39m
2025-07-24 14:11:13:1113 [32minfo[39m: [32mEmployee 687a1d6cd896fb3d307eafeb fetched 3 requests[39m
2025-07-24 14:11:13:1113 [32minfo[39m: [32mEmployee 687a1d6cd896fb3d307eafeb fetched 3 requests[39m
2025-07-24 14:11:13:1113 [32minfo[39m: [32mEmployee 687a1d6cd896fb3d307eafeb fetched 3 requests[39m
2025-07-24 14:11:19:1119 [32minfo[39m: [32mEmployee 687a1d6cd896fb3d307eafeb fetched 3 requests[39m
2025-07-24 14:13:20:1320 [32minfo[39m: [32mEmployee 687a1d6cd896fb3d307eafeb fetched 3 requests[39m
2025-07-24 14:13:46:1346 [32minfo[39m: [32mEmployee 687a1d6cd896fb3d307eafeb fetched 3 requests[39m
2025-07-24 14:14:21:1421 [32minfo[39m: [32mEmployee 687a1d6cd896fb3d307eafeb fetched 3 requests[39m
2025-07-24 14:15:02:152 [32minfo[39m: [32mEmployee 687a1d6cd896fb3d307eafeb fetched 3 requests[39m
2025-07-24 14:15:03:153 [32minfo[39m: [32mEmployee 687a1d6cd896fb3d307eafeb fetched 3 requests[39m
2025-07-24 14:15:03:153 [32minfo[39m: [32mEmployee 687a1d6cd896fb3d307eafeb fetched 3 requests[39m
2025-07-24 14:15:08:158 [32minfo[39m: [32mEmployee 687a1d6cd896fb3d307eafeb fetched 3 requests[39m
2025-07-24 14:15:30:1530 [32minfo[39m: [32mEmployee 687a1d6cd896fb3d307eafeb fetched 3 requests[39m
2025-07-24 14:17:29:1729 [32minfo[39m: [32mEmployee 687a1d6cd896fb3d307eafeb fetched 3 requests[39m
2025-07-24 14:17:29:1729 [32minfo[39m: [32mEmployee 687a1d6cd896fb3d307eafeb fetched 3 requests[39m
2025-07-24 14:18:38:1838 [32minfo[39m: [32mEmployee 687a1d6cd896fb3d307eafeb fetched 3 requests[39m
2025-07-24 14:19:01:191 [32minfo[39m: [32mEmployee 687a1d6cd896fb3d307eafeb fetched 3 requests[39m
2025-07-24 14:19:01:191 [32minfo[39m: [32mEmployee 687a1d6cd896fb3d307eafeb fetched 3 requests[39m
2025-07-24 14:19:31:1931 [32minfo[39m: [32mEmployee 687a1d6cd896fb3d307eafeb fetched 3 requests[39m
2025-07-24 14:19:51:1951 [32minfo[39m: [32mEmployee 687a1d6cd896fb3d307eafeb fetched 3 requests[39m
2025-07-24 14:20:23:2023 [32minfo[39m: [32mEmployee 687a1d6cd896fb3d307eafeb fetched 3 requests[39m
2025-07-24 14:23:32:2332 [32minfo[39m: [32mEmployee 687a1d6cd896fb3d307eafeb fetched 3 requests[39m
2025-07-24 14:23:32:2332 [32minfo[39m: [32mEmployee 687a1d6cd896fb3d307eafeb fetched 3 requests[39m
2025-07-24 14:23:32:2332 [32minfo[39m: [32mEmployee 687a1d6cd896fb3d307eafeb fetched 3 requests[39m
2025-07-24 14:43:46:4346 [32minfo[39m: [32mEmployee 687a1d6cd896fb3d307eafeb fetched 3 requests[39m
2025-07-24 14:43:46:4346 [32minfo[39m: [32mEmployee 687a1d6cd896fb3d307eafeb fetched 3 requests[39m
2025-07-24 14:44:19:4419 [32minfo[39m: [32mEmployee 687a1d6cd896fb3d307eafeb fetched 3 requests[39m
2025-07-24 14:44:49:4449 [32minfo[39m: [32mEmployee 687a1d6cd896fb3d307eafeb fetched 3 requests[39m
2025-07-24 14:44:49:4449 [32minfo[39m: [32mEmployee 687a1d6cd896fb3d307eafeb fetched 3 requests[39m
2025-07-24 14:44:49:4449 [32minfo[39m: [32mEmployee 687a1d6cd896fb3d307eafeb fetched 3 requests[39m
2025-07-24 14:44:49:4449 [32minfo[39m: [32mEmployee 687a1d6cd896fb3d307eafeb fetched 3 requests[39m
2025-07-24 14:45:07:457 [32minfo[39m: [32mEmployee 687a1d6cd896fb3d307eafeb fetched 3 requests[39m
2025-07-24 14:45:07:457 [32minfo[39m: [32mEmployee 687a1d6cd896fb3d307eafeb fetched 3 requests[39m
2025-07-24 14:45:33:4533 [32minfo[39m: [32mEmployee 687a1d6cd896fb3d307eafeb fetched 3 requests[39m
2025-07-24 14:45:33:4533 [32minfo[39m: [32mEmployee 687a1d6cd896fb3d307eafeb fetched 3 requests[39m
2025-07-24 14:45:51:4551 [32minfo[39m: [32mEmployee 687a1d6cd896fb3d307eafeb fetched 3 requests[39m
2025-07-24 14:45:51:4551 [32minfo[39m: [32mEmployee 687a1d6cd896fb3d307eafeb fetched 3 requests[39m
2025-07-24 14:45:53:4553 [32minfo[39m: [32mEmployee 687a1d6cd896fb3d307eafeb fetched 1 requests[39m
2025-07-24 14:45:54:4554 [32minfo[39m: [32mEmployee 687a1d6cd896fb3d307eafeb fetched 1 requests[39m
2025-07-24 14:45:56:4556 [32minfo[39m: [32mEmployee 687a1d6cd896fb3d307eafeb fetched 1 requests[39m
2025-07-24 14:45:58:4558 [32minfo[39m: [32mEmployee 687a1d6cd896fb3d307eafeb fetched 1 requests[39m
2025-07-24 14:46:00:460 [32minfo[39m: [32mEmployee 687a1d6cd896fb3d307eafeb fetched 1 requests[39m
2025-07-24 14:46:27:4627 [32minfo[39m: [32mEmployee 687a1d6cd896fb3d307eafeb fetched 1 requests[39m
2025-07-24 14:46:27:4627 [32minfo[39m: [32mEmployee 687a1d6cd896fb3d307eafeb fetched 3 requests[39m
2025-07-24 14:46:33:4633 [32minfo[39m: [32mEmployee 687a1d6cd896fb3d307eafeb fetched 1 requests[39m
2025-07-24 14:46:35:4635 [32minfo[39m: [32mEmployee 687a1d6cd896fb3d307eafeb fetched 3 requests[39m
2025-07-24 14:46:39:4639 [32minfo[39m: [32mEmployee 687a1d6cd896fb3d307eafeb fetched 1 requests[39m
2025-07-24 14:46:43:4643 [32minfo[39m: [32mEmployee 687a1d6cd896fb3d307eafeb fetched 1 requests[39m
2025-07-24 14:46:46:4646 [32minfo[39m: [32mEmployee 687a1d6cd896fb3d307eafeb fetched 1 requests[39m
2025-07-24 14:46:48:4648 [32minfo[39m: [32mEmployee 687a1d6cd896fb3d307eafeb fetched 1 requests[39m
2025-07-24 14:47:17:4717 [32minfo[39m: [32mEmployee 687a1d6cd896fb3d307eafeb fetched 1 requests[39m
2025-07-24 14:47:17:4717 [32minfo[39m: [32mEmployee 687a1d6cd896fb3d307eafeb fetched 3 requests[39m
2025-07-24 14:48:56:4856 [32minfo[39m: [32mEmployee 687a1d6cd896fb3d307eafeb fetched 1 requests[39m
2025-07-24 14:48:59:4859 [32minfo[39m: [32mEmployee 687a1d6cd896fb3d307eafeb fetched 3 requests[39m
2025-07-24 14:49:05:495 [32minfo[39m: [32mEmployee 687a1d6cd896fb3d307eafeb fetched 1 requests[39m
2025-07-24 14:49:08:498 [32minfo[39m: [32mEmployee 687a1d6cd896fb3d307eafeb fetched 3 requests[39m
2025-07-24 14:49:08:498 [32minfo[39m: [32mEmployee 687a1d6cd896fb3d307eafeb fetched 1 requests[39m
2025-07-24 14:49:41:4941 [32minfo[39m: [32mEmployee 687a1d6cd896fb3d307eafeb fetched 3 requests[39m
2025-07-24 14:49:41:4941 [32minfo[39m: [32mEmployee 687a1d6cd896fb3d307eafeb fetched 1 requests[39m
2025-07-24 14:50:02:502 [32minfo[39m: [32mEmployee 687a1d6cd896fb3d307eafeb fetched 1 requests[39m
2025-07-24 14:50:02:502 [32minfo[39m: [32mEmployee 687a1d6cd896fb3d307eafeb fetched 3 requests[39m
2025-07-24 14:50:53:5053 [32minfo[39m: [32mEmployee 687a1d6cd896fb3d307eafeb fetched 3 requests[39m
2025-07-24 14:50:54:5054 [32minfo[39m: [32mEmployee 687a1d6cd896fb3d307eafeb fetched 1 requests[39m
2025-07-24 14:51:00:510 [32minfo[39m: [32mEmployee 687a1d6cd896fb3d307eafeb fetched 1 requests[39m
2025-07-24 14:51:03:513 [32minfo[39m: [32mEmployee 687a1d6cd896fb3d307eafeb fetched 1 requests[39m
2025-07-24 14:51:04:514 [32minfo[39m: [32mEmployee 687a1d6cd896fb3d307eafeb fetched 3 requests[39m
2025-07-24 14:55:50:5550 [32minfo[39m: [32mEmployee 687a1d6cd896fb3d307eafeb fetched 3 requests[39m
2025-07-24 14:55:50:5550 [32minfo[39m: [32mEmployee 687a1d6cd896fb3d307eafeb fetched 3 requests[39m
2025-07-24 14:55:50:5550 [32minfo[39m: [32mEmployee 687a1d6cd896fb3d307eafeb fetched 3 requests[39m
2025-07-24 14:55:50:5550 [32minfo[39m: [32mEmployee 687a1d6cd896fb3d307eafeb fetched 3 requests[39m
2025-07-24 14:55:59:5559 [32minfo[39m: [32mEmployee 687a1d6cd896fb3d307eafeb fetched 1 requests[39m
2025-07-24 14:56:01:561 [32minfo[39m: [32mEmployee 687a1d6cd896fb3d307eafeb fetched 1 requests[39m
2025-07-24 14:56:02:562 [32minfo[39m: [32mEmployee 687a1d6cd896fb3d307eafeb fetched 1 requests[39m
2025-07-24 14:56:05:565 [32minfo[39m: [32mEmployee 687a1d6cd896fb3d307eafeb fetched 3 requests[39m
2025-07-24 14:56:34:5634 [32minfo[39m: [32mEmployee 687a1d6cd896fb3d307eafeb fetched 3 requests[39m
2025-07-24 14:57:59:5759 [32minfo[39m: [32mEmployee 687a1d6cd896fb3d307eafeb fetched 3 requests[39m
2025-07-24 14:57:59:5759 [32minfo[39m: [32mEmployee 687a1d6cd896fb3d307eafeb fetched 3 requests[39m
2025-07-24 14:58:00:580 [32minfo[39m: [32mEmployee 687a1d6cd896fb3d307eafeb fetched 3 requests[39m
2025-07-24 14:58:00:580 [32minfo[39m: [32mEmployee 687a1d6cd896fb3d307eafeb fetched 3 requests[39m
2025-07-24 14:58:01:581 [32minfo[39m: [32mEmployee 687a1d6cd896fb3d307eafeb fetched 1 requests[39m
2025-07-24 14:58:02:582 [32minfo[39m: [32mEmployee 687a1d6cd896fb3d307eafeb fetched 3 requests[39m
2025-07-24 14:58:04:584 [32minfo[39m: [32mEmployee 687a1d6cd896fb3d307eafeb fetched 1 requests[39m
2025-07-24 14:58:06:586 [32minfo[39m: [32mEmployee 687a1d6cd896fb3d307eafeb fetched 3 requests[39m
2025-07-24 14:58:09:589 [32minfo[39m: [32mRequest 6881f0276c0ead707a93e793 deleted by 687a1d6cd896fb3d307eafeb[39m
2025-07-24 14:58:09:589 [32minfo[39m: [32mEmployee 687a1d6cd896fb3d307eafeb fetched 2 requests[39m
2025-07-24 14:58:09:589 [32minfo[39m: [32mEmployee 687a1d6cd896fb3d307eafeb fetched 2 requests[39m
2025-07-24 14:58:16:5816 [32minfo[39m: [32mEmployee 687a1d6cd896fb3d307eafeb fetched 1 requests[39m
2025-07-24 14:58:19:5819 [32minfo[39m: [32mEmployee 687a1d6cd896fb3d307eafeb fetched 1 requests[39m
2025-07-24 14:58:20:5820 [32minfo[39m: [32mEmployee 687a1d6cd896fb3d307eafeb fetched 0 requests[39m
2025-07-24 14:58:21:5821 [32minfo[39m: [32mEmployee 687a1d6cd896fb3d307eafeb fetched 2 requests[39m
2025-07-24 14:58:38:5838 [32minfo[39m: [32mAdmin fetched 2 requests[39m
2025-07-24 14:58:38:5838 [32minfo[39m: [32mAdmin fetched 2 requests[39m
2025-07-24 14:59:58:5958 [32minfo[39m: [32mAdmin fetched 2 requests[39m
2025-07-24 15:00:31:031 [32minfo[39m: [32mAdmin fetched 0 requests[39m
2025-07-24 15:00:36:036 [32minfo[39m: [32mAdmin fetched 2 requests[39m
2025-07-24 15:01:04:14 [31merror[39m: [31mError fetching all requests: Cast to ObjectId failed for value "104" (type string) at path "employeeId" for model "Request"[39m
2025-07-24 15:04:48:448 [32minfo[39m: [32mAdmin fetched 2 requests[39m
2025-07-24 15:04:59:459 [32minfo[39m: [32mAdmin fetched 2 requests[39m
2025-07-24 15:05:01:51 [32minfo[39m: [32mAdmin fetched 2 requests[39m
2025-07-24 15:05:03:53 [32minfo[39m: [32mAdmin fetched 2 requests[39m
2025-07-24 15:05:25:525 [32minfo[39m: [32mAdmin fetched 2 requests[39m
2025-07-24 15:06:10:610 [32minfo[39m: [32mAdmin fetched 2 requests[39m
2025-07-24 15:06:10:610 [32minfo[39m: [32mAdmin fetched 2 requests[39m
2025-07-24 15:06:10:610 [32minfo[39m: [32mAdmin fetched 2 requests[39m
2025-07-24 15:06:42:642 [32minfo[39m: [32mAdmin fetched 1 requests[39m
2025-07-24 15:06:49:649 [32minfo[39m: [32mAdmin fetched 1 requests[39m
2025-07-24 15:06:55:655 [32minfo[39m: [32mAdmin fetched 0 requests[39m
2025-07-24 15:06:58:658 [32minfo[39m: [32mAdmin fetched 1 requests[39m
2025-07-24 15:07:03:73 [32minfo[39m: [32mAdmin fetched 1 requests[39m
2025-07-24 15:07:05:75 [32minfo[39m: [32mAdmin fetched 1 requests[39m
2025-07-24 15:07:07:77 [32minfo[39m: [32mAdmin fetched 1 requests[39m
2025-07-24 15:07:11:711 [32minfo[39m: [32mAdmin fetched 2 requests[39m
2025-07-24 15:07:11:711 [32minfo[39m: [32mAdmin fetched 2 requests[39m
2025-07-24 15:07:11:711 [32minfo[39m: [32mAdmin fetched 2 requests[39m
2025-07-24 15:08:57:857 [32minfo[39m: [32mAdmin fetched 2 requests[39m
2025-07-24 15:08:57:857 [32minfo[39m: [32mAdmin fetched 2 requests[39m
2025-07-24 15:19:07:197 [32minfo[39m: [32mEmployee 687a1d6cd896fb3d307eafeb fetched 2 requests[39m
2025-07-24 15:19:07:197 [32minfo[39m: [32mEmployee 687a1d6cd896fb3d307eafeb fetched 2 requests[39m
2025-07-24 15:19:08:198 [32minfo[39m: [32mEmployee 687a1d6cd896fb3d307eafeb fetched 2 requests[39m
2025-07-24 15:19:08:198 [32minfo[39m: [32mEmployee 687a1d6cd896fb3d307eafeb fetched 2 requests[39m
2025-07-24 15:19:47:1947 [32minfo[39m: [32mAdmin fetched 2 requests[39m
2025-07-24 15:19:47:1947 [32minfo[39m: [32mAdmin fetched 2 requests[39m
2025-07-24 15:20:08:208 [32minfo[39m: [32mAdmin fetched 2 requests[39m
2025-07-24 15:20:08:208 [32minfo[39m: [32mAdmin fetched 2 requests[39m
2025-07-24 15:27:23:2723 [32minfo[39m: [32mEmployee 687a1d6cd896fb3d307eafeb fetched 2 requests[39m
2025-07-24 15:27:23:2723 [32minfo[39m: [32mEmployee 687a1d6cd896fb3d307eafeb fetched 2 requests[39m
2025-07-24 15:27:24:2724 [32minfo[39m: [32mEmployee 687a1d6cd896fb3d307eafeb fetched 2 requests[39m
2025-07-24 15:27:24:2724 [32minfo[39m: [32mEmployee 687a1d6cd896fb3d307eafeb fetched 2 requests[39m
2025-07-24 15:28:18:2818 [32minfo[39m: [32mAdmin fetched 2 requests[39m
2025-07-24 15:28:18:2818 [32minfo[39m: [32mAdmin fetched 2 requests[39m
2025-07-24 15:28:23:2823 [32minfo[39m: [32mAdmin fetched 2 requests[39m
2025-07-24 15:28:23:2823 [32minfo[39m: [32mAdmin fetched 2 requests[39m
2025-07-24 15:41:31:4131 [32minfo[39m: [32mEmployee 687a1d6cd896fb3d307eafeb fetched 2 requests[39m
2025-07-24 15:41:32:4132 [32minfo[39m: [32mEmployee 687a1d6cd896fb3d307eafeb fetched 2 requests[39m
2025-07-24 15:41:32:4132 [32minfo[39m: [32mEmployee 687a1d6cd896fb3d307eafeb fetched 2 requests[39m
2025-07-24 15:41:32:4132 [32minfo[39m: [32mEmployee 687a1d6cd896fb3d307eafeb fetched 2 requests[39m
2025-07-24 15:42:15:4215 [32minfo[39m: [32mEmployee 687a1d6cd896fb3d307eafeb fetched 1 requests[39m
2025-07-24 15:42:18:4218 [32minfo[39m: [32mEmployee 687a1d6cd896fb3d307eafeb fetched 2 requests[39m
2025-07-24 15:42:54:4254 [32minfo[39m: [32mEmployee 687a1d6cd896fb3d307eafeb fetched 2 requests[39m
2025-07-24 15:42:54:4254 [32minfo[39m: [32mEmployee 687a1d6cd896fb3d307eafeb fetched 2 requests[39m
2025-07-24 15:42:54:4254 [32minfo[39m: [32mEmployee 687a1d6cd896fb3d307eafeb fetched 2 requests[39m
2025-07-24 15:42:54:4254 [32minfo[39m: [32mEmployee 687a1d6cd896fb3d307eafeb fetched 2 requests[39m
2025-07-24 15:45:31:4531 [32minfo[39m: [32mEmployee 687a1d6cd896fb3d307eafeb fetched 2 requests[39m
2025-07-24 15:45:31:4531 [32minfo[39m: [32mEmployee 687a1d6cd896fb3d307eafeb fetched 2 requests[39m
2025-07-24 15:56:17:5617 [32minfo[39m: [32mEmployee 687a1d6cd896fb3d307eafeb fetched 2 requests[39m
2025-07-24 15:56:18:5618 [32minfo[39m: [32mEmployee 687a1d6cd896fb3d307eafeb fetched 2 requests[39m
2025-07-24 15:56:19:5619 [32minfo[39m: [32mEmployee 687a1d6cd896fb3d307eafeb fetched 2 requests[39m
2025-07-24 15:56:19:5619 [32minfo[39m: [32mEmployee 687a1d6cd896fb3d307eafeb fetched 2 requests[39m
2025-07-24 15:56:20:5620 [32minfo[39m: [32mEmployee 687a1d6cd896fb3d307eafeb fetched 2 requests[39m
2025-07-24 15:57:34:5734 [32minfo[39m: [32mAdmin fetched 2 requests[39m
2025-07-24 15:57:35:5735 [32minfo[39m: [32mAdmin fetched 2 requests[39m
2025-07-24 15:58:16:5816 [32minfo[39m: [32mEmployee 687b530c6b982584fe11a00f fetched 0 requests[39m
2025-07-24 15:58:16:5816 [32minfo[39m: [32mEmployee 687b530c6b982584fe11a00f fetched 0 requests[39m
2025-07-24 15:58:17:5817 [32minfo[39m: [32mEmployee 687b530c6b982584fe11a00f fetched 0 requests[39m
2025-07-24 15:58:17:5817 [32minfo[39m: [32mEmployee 687b530c6b982584fe11a00f fetched 0 requests[39m
2025-07-24 15:59:43:5943 [32minfo[39m: [32mNotification created: REQUEST_CREATED for user 687a710048d1f38a072520d9[39m
2025-07-24 15:59:43:5943 [32minfo[39m: [32mNew leave request created by employee 687b530c6b982584fe11a00f[39m
2025-07-24 15:59:43:5943 [32minfo[39m: [32mEmployee 687b530c6b982584fe11a00f fetched 1 requests[39m
2025-07-24 15:59:43:5943 [32minfo[39m: [32mEmployee 687b530c6b982584fe11a00f fetched 1 requests[39m
2025-07-24 16:01:25:125 [32minfo[39m: [32mAdmin fetched 3 requests[39m
2025-07-24 16:01:25:125 [32minfo[39m: [32mAdmin fetched 3 requests[39m
2025-07-24 16:08:27:827 [32minfo[39m: [32mAdmin fetched 3 requests[39m
2025-07-24 16:08:27:827 [32minfo[39m: [32mAdmin fetched 3 requests[39m
2025-07-24 16:08:49:849 [31merror[39m: [31mError creating status update notification: Cannot populate path `employee` because it is not in your schema. Set the `strictPopulate` option to false to override.[39m
2025-07-24 16:08:49:849 [31merror[39m: [31mError creating notification for status update: Cannot populate path `employee` because it is not in your schema. Set the `strictPopulate` option to false to override.[39m
2025-07-24 16:08:49:849 [32minfo[39m: [32mRequest 68820b1794384f3ab5b56613 approved by admin 687a710048d1f38a072520d9[39m
2025-07-24 16:08:49:849 [32minfo[39m: [32mAdmin fetched 3 requests[39m
2025-07-24 16:09:21:921 [32minfo[39m: [32mEmployee 687b530c6b982584fe11a00f fetched 1 requests[39m
2025-07-24 16:09:21:921 [32minfo[39m: [32mEmployee 687b530c6b982584fe11a00f fetched 1 requests[39m
2025-07-24 16:09:21:921 [32minfo[39m: [32mEmployee 687b530c6b982584fe11a00f fetched 1 requests[39m
2025-07-24 16:09:21:921 [32minfo[39m: [32mEmployee 687b530c6b982584fe11a00f fetched 1 requests[39m
2025-07-24 16:13:53:1353 [32minfo[39m: [32mNotification created: REQUEST_CREATED for user 687a710048d1f38a072520d9[39m
2025-07-24 16:13:53:1353 [32minfo[39m: [32mNew leave request created by employee 687b530c6b982584fe11a00f[39m
2025-07-24 16:13:53:1353 [32minfo[39m: [32mEmployee 687b530c6b982584fe11a00f fetched 2 requests[39m
2025-07-24 16:13:54:1354 [32minfo[39m: [32mEmployee 687b530c6b982584fe11a00f fetched 2 requests[39m
2025-07-24 16:14:37:1437 [32minfo[39m: [32mAdmin fetched 4 requests[39m
2025-07-24 16:14:37:1437 [32minfo[39m: [32mAdmin fetched 4 requests[39m
2025-07-24 16:14:55:1455 [32minfo[39m: [32mNotification created: REQUEST_REJECTED for user 687b530c6b982584fe11a00f[39m
2025-07-24 16:14:55:1455 [32minfo[39m: [32mRequest 68820e69357df72f89137373 rejected by admin 687a710048d1f38a072520d9[39m
2025-07-24 16:14:56:1456 [32minfo[39m: [32mAdmin fetched 4 requests[39m
2025-07-24 16:16:00:160 [32minfo[39m: [32mEmployee 687b530c6b982584fe11a00f fetched 2 requests[39m
2025-07-24 16:16:01:161 [32minfo[39m: [32mEmployee 687b530c6b982584fe11a00f fetched 2 requests[39m
2025-07-24 16:16:01:161 [32minfo[39m: [32mEmployee 687b530c6b982584fe11a00f fetched 2 requests[39m
2025-07-24 16:16:01:161 [32minfo[39m: [32mEmployee 687b530c6b982584fe11a00f fetched 2 requests[39m
2025-07-24 16:19:23:1923 [32minfo[39m: [32mEmployee 687b530c6b982584fe11a00f fetched 1 requests[39m
2025-07-24 16:19:27:1927 [32minfo[39m: [32mEmployee 687b530c6b982584fe11a00f fetched 2 requests[39m
2025-07-24 16:19:30:1930 [32minfo[39m: [32mEmployee 687b530c6b982584fe11a00f fetched 1 requests[39m
2025-07-24 16:19:33:1933 [32minfo[39m: [32mEmployee 687b530c6b982584fe11a00f fetched 2 requests[39m
2025-07-24 16:26:51:2651 [32minfo[39m: [32mEmployee 687b530c6b982584fe11a00f fetched 2 requests[39m
2025-07-24 16:26:52:2652 [32minfo[39m: [32mEmployee 687b530c6b982584fe11a00f fetched 2 requests[39m
2025-07-24 16:26:52:2652 [32minfo[39m: [32mEmployee 687b530c6b982584fe11a00f fetched 2 requests[39m
2025-07-24 16:26:52:2652 [32minfo[39m: [32mEmployee 687b530c6b982584fe11a00f fetched 2 requests[39m
2025-07-24 16:27:33:2733 [32minfo[39m: [32mNotification created: REQUEST_CREATED for user 687a710048d1f38a072520d9[39m
2025-07-24 16:27:33:2733 [32minfo[39m: [32mNew work_from_home request created by employee 687b530c6b982584fe11a00f[39m
2025-07-24 16:27:34:2734 [32minfo[39m: [32mEmployee 687b530c6b982584fe11a00f fetched 3 requests[39m
2025-07-24 16:27:34:2734 [32minfo[39m: [32mEmployee 687b530c6b982584fe11a00f fetched 3 requests[39m
2025-07-24 16:28:02:282 [32minfo[39m: [32mAdmin fetched 5 requests[39m
2025-07-24 16:28:02:282 [32minfo[39m: [32mAdmin fetched 5 requests[39m
2025-07-24 16:33:02:332 [32minfo[39m: [32mAdmin fetched 5 requests[39m
2025-07-24 16:33:02:332 [32minfo[39m: [32mAdmin fetched 5 requests[39m
2025-07-24 16:33:18:3318 [32minfo[39m: [32mNotification created: REQUEST_APPROVED for user 687b530c6b982584fe11a00f[39m
2025-07-24 16:33:18:3318 [32minfo[39m: [32mRequest 6882119db4eb1ed2b2ebefb8 approved by admin 687a710048d1f38a072520d9[39m
2025-07-24 16:33:18:3318 [32minfo[39m: [32mAdmin fetched 5 requests[39m
2025-07-24 16:33:47:3347 [32minfo[39m: [32mEmployee 687b530c6b982584fe11a00f fetched 3 requests[39m
2025-07-24 16:34:52:3452 [32minfo[39m: [32mEmployee 687b530c6b982584fe11a00f fetched 3 requests[39m
2025-07-24 16:34:52:3452 [32minfo[39m: [32mEmployee 687b530c6b982584fe11a00f fetched 3 requests[39m
2025-07-24 16:34:52:3452 [32minfo[39m: [32mEmployee 687b530c6b982584fe11a00f fetched 3 requests[39m
2025-07-24 16:34:53:3453 [32minfo[39m: [32mEmployee 687b530c6b982584fe11a00f fetched 3 requests[39m
2025-07-24 16:41:44:4144 [32minfo[39m: [32mEmployee 687b530c6b982584fe11a00f fetched 3 requests[39m
2025-07-24 16:41:44:4144 [32minfo[39m: [32mEmployee 687b530c6b982584fe11a00f fetched 3 requests[39m
2025-07-24 16:41:44:4144 [32minfo[39m: [32mEmployee 687b530c6b982584fe11a00f fetched 3 requests[39m
2025-07-24 16:41:44:4144 [32minfo[39m: [32mEmployee 687b530c6b982584fe11a00f fetched 3 requests[39m
2025-07-24 18:27:45:2745 [32minfo[39m: [32mEmployee 687b530c6b982584fe11a00f fetched 3 requests[39m
2025-07-24 18:27:45:2745 [32minfo[39m: [32mEmployee 687b530c6b982584fe11a00f fetched 3 requests[39m
2025-07-24 18:27:45:2745 [32minfo[39m: [32mEmployee 687b530c6b982584fe11a00f fetched 3 requests[39m
2025-07-24 18:27:45:2745 [32minfo[39m: [32mEmployee 687b530c6b982584fe11a00f fetched 3 requests[39m
2025-07-24 18:34:48:3448 [32minfo[39m: [32mAdmin fetched 5 requests[39m
2025-07-24 18:34:49:3449 [32minfo[39m: [32mAdmin fetched 5 requests[39m
2025-07-24 18:34:52:3452 [32minfo[39m: [32mAdmin fetched 5 requests[39m
2025-07-24 18:34:57:3457 [32minfo[39m: [32mAdmin fetched 3 requests[39m
2025-07-24 20:23:29:2329 [32minfo[39m: [32mAdmin fetched 5 requests[39m
2025-07-24 20:23:29:2329 [32minfo[39m: [32mAdmin fetched 5 requests[39m
2025-07-24 20:23:45:2345 [32minfo[39m: [32mAdmin fetched 3 requests[39m
2025-07-24 21:35:59:3559 [32minfo[39m: [32mAdmin fetched 5 requests[39m
2025-07-24 21:36:00:360 [32minfo[39m: [32mAdmin fetched 5 requests[39m
2025-07-24 21:49:08:498 [32minfo[39m: [32mAdmin fetched 5 requests[39m
2025-07-24 21:49:08:498 [32minfo[39m: [32mAdmin fetched 5 requests[39m
2025-07-24 22:07:50:750 [32minfo[39m: [32mEmployee 687a1d6cd896fb3d307eafeb fetched 2 requests[39m
2025-07-24 22:07:50:750 [32minfo[39m: [32mEmployee 687a1d6cd896fb3d307eafeb fetched 2 requests[39m
2025-07-24 22:07:51:751 [32minfo[39m: [32mEmployee 687a1d6cd896fb3d307eafeb fetched 2 requests[39m
2025-07-24 22:07:51:751 [32minfo[39m: [32mEmployee 687a1d6cd896fb3d307eafeb fetched 2 requests[39m
2025-07-24 22:08:22:822 [32minfo[39m: [32mNotification created: REQUEST_CREATED for user 687a710048d1f38a072520d9[39m
2025-07-24 22:08:22:822 [32minfo[39m: [32mNew work_from_home request created by employee 687a1d6cd896fb3d307eafeb[39m
2025-07-24 22:08:22:822 [32minfo[39m: [32mEmployee 687a1d6cd896fb3d307eafeb fetched 3 requests[39m
2025-07-24 22:08:23:823 [32minfo[39m: [32mEmployee 687a1d6cd896fb3d307eafeb fetched 3 requests[39m
2025-07-24 22:09:45:945 [32minfo[39m: [32mAdmin fetched 6 requests[39m
2025-07-24 22:09:46:946 [32minfo[39m: [32mAdmin fetched 6 requests[39m
2025-07-24 22:13:03:133 [32minfo[39m: [32mAdmin fetched 6 requests[39m
2025-07-24 22:13:03:133 [32minfo[39m: [32mAdmin fetched 6 requests[39m
2025-07-24 22:19:06:196 [32minfo[39m: [32mAdmin fetched 6 requests[39m
2025-07-24 22:19:06:196 [32minfo[39m: [32mAdmin fetched 6 requests[39m
2025-07-24 22:20:23:2023 [32minfo[39m: [32mAdmin fetched 6 requests[39m
2025-07-24 22:20:24:2024 [32minfo[39m: [32mAdmin fetched 6 requests[39m
2025-07-24 22:20:37:2037 [32minfo[39m: [32mAdmin fetched 6 requests[39m
2025-07-24 22:20:37:2037 [32minfo[39m: [32mAdmin fetched 6 requests[39m
2025-07-24 22:28:20:2820 [32minfo[39m: [32mAdmin fetched 6 requests[39m
2025-07-24 22:28:21:2821 [32minfo[39m: [32mAdmin fetched 6 requests[39m
2025-07-24 22:38:09:389 [32minfo[39m: [32mAdmin fetched 6 requests[39m
2025-07-24 22:38:09:389 [32minfo[39m: [32mAdmin fetched 6 requests[39m
2025-07-24 22:44:28:4428 [32minfo[39m: [32mEmployee 687b530c6b982584fe11a00f fetched 3 requests[39m
2025-07-24 22:44:28:4428 [32minfo[39m: [32mEmployee 687b530c6b982584fe11a00f fetched 3 requests[39m
2025-07-24 22:44:28:4428 [32minfo[39m: [32mEmployee 687b530c6b982584fe11a00f fetched 3 requests[39m
2025-07-24 22:44:29:4429 [32minfo[39m: [32mEmployee 687b530c6b982584fe11a00f fetched 3 requests[39m
2025-07-24 22:49:02:492 [32minfo[39m: [32mEmployee 687b530c6b982584fe11a00f fetched 3 requests[39m
2025-07-24 22:49:03:493 [32minfo[39m: [32mEmployee 687b530c6b982584fe11a00f fetched 3 requests[39m
2025-07-24 22:49:03:493 [32minfo[39m: [32mEmployee 687b530c6b982584fe11a00f fetched 3 requests[39m
2025-07-24 22:49:03:493 [32minfo[39m: [32mEmployee 687b530c6b982584fe11a00f fetched 3 requests[39m
2025-07-24 22:49:12:4912 [32minfo[39m: [32mEmployee 687b530c6b982584fe11a00f fetched 3 requests[39m
2025-07-24 22:49:12:4912 [32minfo[39m: [32mEmployee 687b530c6b982584fe11a00f fetched 3 requests[39m
2025-07-24 22:49:13:4913 [32minfo[39m: [32mEmployee 687b530c6b982584fe11a00f fetched 3 requests[39m
2025-07-24 22:49:13:4913 [32minfo[39m: [32mEmployee 687b530c6b982584fe11a00f fetched 3 requests[39m
2025-07-24 22:54:31:5431 [32minfo[39m: [32mEmployee 687b530c6b982584fe11a00f fetched 3 requests[39m
2025-07-24 22:54:32:5432 [32minfo[39m: [32mEmployee 687b530c6b982584fe11a00f fetched 3 requests[39m
2025-07-24 22:54:32:5432 [32minfo[39m: [32mEmployee 687b530c6b982584fe11a00f fetched 3 requests[39m
2025-07-24 22:54:32:5432 [32minfo[39m: [32mEmployee 687b530c6b982584fe11a00f fetched 3 requests[39m
2025-07-24 22:54:55:5455 [32minfo[39m: [32mEmployee 687b530c6b982584fe11a00f fetched 3 requests[39m
2025-07-24 22:54:55:5455 [32minfo[39m: [32mEmployee 687b530c6b982584fe11a00f fetched 3 requests[39m
2025-07-24 23:08:25:825 [32minfo[39m: [32mEmployee 687b530c6b982584fe11a00f fetched 3 requests[39m
2025-07-24 23:08:25:825 [32minfo[39m: [32mEmployee 687b530c6b982584fe11a00f fetched 3 requests[39m
2025-07-24 23:08:25:825 [32minfo[39m: [32mEmployee 687b530c6b982584fe11a00f fetched 3 requests[39m
2025-07-24 23:08:26:826 [32minfo[39m: [32mEmployee 687b530c6b982584fe11a00f fetched 3 requests[39m
2025-07-24 23:09:47:947 [32minfo[39m: [32mEmployee 687a1d6cd896fb3d307eafeb fetched 3 requests[39m
2025-07-24 23:09:48:948 [32minfo[39m: [32mEmployee 687a1d6cd896fb3d307eafeb fetched 3 requests[39m
2025-07-24 23:09:48:948 [32minfo[39m: [32mEmployee 687a1d6cd896fb3d307eafeb fetched 3 requests[39m
2025-07-24 23:09:48:948 [32minfo[39m: [32mEmployee 687a1d6cd896fb3d307eafeb fetched 3 requests[39m
2025-07-24 23:24:50:2450 [32minfo[39m: [32mAdmin fetched 6 requests[39m
2025-07-24 23:24:50:2450 [32minfo[39m: [32mAdmin fetched 6 requests[39m
2025-07-24 23:56:31:5631 [32minfo[39m: [32mAdmin fetched 6 requests[39m
2025-07-24 23:56:31:5631 [32minfo[39m: [32mAdmin fetched 6 requests[39m
2025-07-25 00:00:01:01 [32minfo[39m: [32mEmployee 687b530c6b982584fe11a00f fetched 3 requests[39m
2025-07-25 00:00:01:01 [32minfo[39m: [32mEmployee 687b530c6b982584fe11a00f fetched 3 requests[39m
2025-07-25 00:00:02:02 [32minfo[39m: [32mEmployee 687b530c6b982584fe11a00f fetched 3 requests[39m
2025-07-25 00:00:02:02 [32minfo[39m: [32mEmployee 687b530c6b982584fe11a00f fetched 3 requests[39m
2025-07-25 00:05:16:516 [32minfo[39m: [32mAdmin fetched 6 requests[39m
2025-07-25 00:05:16:516 [32minfo[39m: [32mAdmin fetched 6 requests[39m
2025-07-25 12:49:54:4954 [32minfo[39m: [32mNotification sent to user 687b530c6b982584fe11a00f: Test Notification[39m
2025-07-25 12:49:54:4954 [32minfo[39m: [32mUnread count update sent to user 687b530c6b982584fe11a00f: 1[39m
2025-07-25 12:49:54:4954 [32minfo[39m: [32mTest notification sent to user 687b530c6b982584fe11a00f: hiii[39m
2025-07-25 12:50:09:509 [32minfo[39m: [32mNotification sent to user 687b530c6b982584fe11a00f: Test Notification[39m
2025-07-25 12:50:09:509 [32minfo[39m: [32mUnread count update sent to user 687b530c6b982584fe11a00f: 1[39m
2025-07-25 12:50:09:509 [32minfo[39m: [32mTest notification sent to user 687b530c6b982584fe11a00f: hiii[39m
2025-07-25 13:03:42:342 [32minfo[39m: [32mEmployee 687b530c6b982584fe11a00f fetched 3 requests[39m
2025-07-25 13:03:42:342 [32minfo[39m: [32mEmployee 687b530c6b982584fe11a00f fetched 3 requests[39m
2025-07-25 13:03:43:343 [32minfo[39m: [32mEmployee 687b530c6b982584fe11a00f fetched 3 requests[39m
2025-07-25 13:03:43:343 [32minfo[39m: [32mEmployee 687b530c6b982584fe11a00f fetched 3 requests[39m
2025-07-25 13:04:13:413 [32minfo[39m: [32mNotification created: REQUEST_CREATED for user 687a710048d1f38a072520d9[39m
2025-07-25 13:04:14:414 [32minfo[39m: [32mNotification sent to user 687a710048d1f38a072520d9: New Request Submitted[39m
2025-07-25 13:04:14:414 [32minfo[39m: [32mUnread count update sent to user 687a710048d1f38a072520d9: 1[39m
2025-07-25 13:04:14:414 [32minfo[39m: [32mNew od request created by employee 687b530c6b982584fe11a00f[39m
2025-07-25 13:04:14:414 [32minfo[39m: [32mEmployee 687b530c6b982584fe11a00f fetched 4 requests[39m
2025-07-25 13:04:14:414 [32minfo[39m: [32mEmployee 687b530c6b982584fe11a00f fetched 4 requests[39m
2025-07-25 13:05:07:57 [32minfo[39m: [32mAdmin fetched 7 requests[39m
2025-07-25 13:05:07:57 [32minfo[39m: [32mAdmin fetched 7 requests[39m
2025-07-25 23:58:28:5828 [32minfo[39m: [32mAdmin fetched 7 requests[39m
2025-07-25 23:58:28:5828 [32minfo[39m: [32mAdmin fetched 7 requests[39m
2025-07-25 23:59:12:5912 [32minfo[39m: [32mAdmin fetched 3 requests[39m
2025-07-25 23:59:17:5917 [32minfo[39m: [32mAdmin fetched 7 requests[39m
2025-07-26 00:00:52:052 [32minfo[39m: [32mAdmin fetched 7 requests[39m
2025-07-26 00:00:52:052 [32minfo[39m: [32mAdmin fetched 7 requests[39m
2025-07-26 00:07:09:79 [32minfo[39m: [32mAdmin fetched 7 requests[39m
2025-07-26 00:07:09:79 [32minfo[39m: [32mAdmin fetched 7 requests[39m
2025-07-26 00:21:06:216 [31merror[39m: [31mEmail sending failed: No recipients defined[39m
2025-07-26 00:27:40:2740 [32minfo[39m: [32mEmail sent successfully to pavanlebaka@yopmail.com[39m
2025-07-26 00:27:40:2740 [32minfo[39m: [32mPreview URL: false[39m
2025-07-26 00:31:56:3156 [32minfo[39m: [32mEmail sent successfully to pavanlebaka1@yopmail.com[39m
2025-07-26 00:31:56:3156 [32minfo[39m: [32mPreview URL: false[39m
2025-07-26 00:32:00:320 [32minfo[39m: [32mEmail sent successfully to pavanlebaka1@yopmail.com[39m
2025-07-26 00:32:00:320 [32minfo[39m: [32mPreview URL: false[39m
2025-07-26 00:44:45:4445 [32minfo[39m: [32mEmail sent successfully to pavan3@yopmail.com[39m
2025-07-26 00:44:45:4445 [32minfo[39m: [32mPreview URL: false[39m
2025-07-26 00:56:33:5633 [32minfo[39m: [32mEmployee 6883d7a0925813c20fd9be8b fetched 0 requests[39m
2025-07-26 00:56:33:5633 [32minfo[39m: [32mEmployee 6883d7a0925813c20fd9be8b fetched 0 requests[39m
2025-07-26 00:56:33:5633 [32minfo[39m: [32mEmployee 6883d7a0925813c20fd9be8b fetched 0 requests[39m
2025-07-26 00:56:33:5633 [32minfo[39m: [32mEmployee 6883d7a0925813c20fd9be8b fetched 0 requests[39m
2025-07-26 01:23:25:2325 [32minfo[39m: [32mEmployee 6883d7a0925813c20fd9be8b fetched 0 requests[39m
2025-07-26 01:23:25:2325 [32minfo[39m: [32mEmployee 6883d7a0925813c20fd9be8b fetched 0 requests[39m
2025-07-26 01:23:25:2325 [32minfo[39m: [32mEmployee 6883d7a0925813c20fd9be8b fetched 0 requests[39m
2025-07-26 01:23:25:2325 [32minfo[39m: [32mEmployee 6883d7a0925813c20fd9be8b fetched 0 requests[39m
2025-07-26 01:25:33:2533 [32minfo[39m: [32mAdmin fetched 7 requests[39m
2025-07-26 01:25:33:2533 [32minfo[39m: [32mAdmin fetched 7 requests[39m
2025-07-26 01:26:44:2644 [32minfo[39m: [32mEmployee 687b530c6b982584fe11a00f fetched 4 requests[39m
2025-07-26 01:26:44:2644 [32minfo[39m: [32mEmployee 687b530c6b982584fe11a00f fetched 4 requests[39m
2025-07-26 01:26:44:2644 [32minfo[39m: [32mEmployee 687b530c6b982584fe11a00f fetched 4 requests[39m
2025-07-26 01:26:44:2644 [32minfo[39m: [32mEmployee 687b530c6b982584fe11a00f fetched 4 requests[39m
2025-07-26 19:39:47:3947 [32minfo[39m: [32mEmployee 687b530c6b982584fe11a00f fetched 4 requests[39m
2025-07-26 19:39:47:3947 [32minfo[39m: [32mEmployee 687b530c6b982584fe11a00f fetched 4 requests[39m
2025-07-26 19:39:48:3948 [32minfo[39m: [32mEmployee 687b530c6b982584fe11a00f fetched 4 requests[39m
2025-07-26 19:39:48:3948 [32minfo[39m: [32mEmployee 687b530c6b982584fe11a00f fetched 4 requests[39m
2025-07-26 19:43:06:436 [32minfo[39m: [32mEmployee 687b530c6b982584fe11a00f fetched 4 requests[39m
2025-07-26 19:43:06:436 [32minfo[39m: [32mEmployee 687b530c6b982584fe11a00f fetched 4 requests[39m
2025-07-26 19:43:06:436 [32minfo[39m: [32mEmployee 687b530c6b982584fe11a00f fetched 4 requests[39m
2025-07-26 19:43:07:437 [32minfo[39m: [32mEmployee 687b530c6b982584fe11a00f fetched 4 requests[39m
2025-07-26 19:43:25:4325 [32minfo[39m: [32mEmployee 687b530c6b982584fe11a00f fetched 4 requests[39m
2025-07-26 19:43:25:4325 [32minfo[39m: [32mEmployee 687b530c6b982584fe11a00f fetched 4 requests[39m
2025-07-26 19:43:25:4325 [32minfo[39m: [32mEmployee 687b530c6b982584fe11a00f fetched 4 requests[39m
2025-07-26 19:43:25:4325 [32minfo[39m: [32mEmployee 687b530c6b982584fe11a00f fetched 4 requests[39m
2025-07-26 19:43:26:4326 [32minfo[39m: [32mEmployee 687b530c6b982584fe11a00f fetched 4 requests[39m
